<?xml version="1.0" encoding="UTF-8"?>
<testng-results skipped="1" failed="0" total="1" passed="0">
  <reporter-output>
  </reporter-output>
  <suite name="Default suite" duration-ms="25" started-at="2016-08-02T14:41:28Z" finished-at="2016-08-02T14:41:28Z">
    <groups>
    </groups>
    <test name="Default test" duration-ms="25" started-at="2016-08-02T14:41:28Z" finished-at="2016-08-02T14:41:28Z">
      <class name="loginpage.LoginTestCase">
        <test-method status="FAIL" signature="loginsetup(java.lang.String)[pri:0, instance:loginpage.LoginTestCase@b97c004]" name="loginsetup" is-config="true" duration-ms="0" started-at="2016-08-02T20:11:28Z" finished-at="2016-08-02T20:11:28Z">
          <exception class="org.testng.TestNGException">
            <message>
              <![CDATA[
Parameter 'browserType' is required by @Configuration on method loginsetup but has not been marked @Optional or defined
in /private/var/folders/yz/1fzbkp0j5yqgr_3bgjnp785c0000gn/T/testng-eclipse--1919130571/testng-customsuite.xml]]>
            </message>
            <full-stacktrace>
              <![CDATA[org.testng.TestNGException: 
Parameter 'browserType' is required by @Configuration on method loginsetup but has not been marked @Optional or defined
in /private/var/folders/yz/1fzbkp0j5yqgr_3bgjnp785c0000gn/T/testng-eclipse--1919130571/testng-customsuite.xml
	at org.testng.internal.Parameters.createParameters(Parameters.java:148)
	at org.testng.internal.Parameters.createParameters(Parameters.java:361)
	at org.testng.internal.Parameters.createConfigurationParameters(Parameters.java:84)
	at org.testng.internal.Invoker.invokeConfigurations(Invoker.java:199)
	at org.testng.internal.Invoker.invokeMethod(Invoker.java:590)
	at org.testng.internal.Invoker.invokeTestMethod(Invoker.java:834)
	at org.testng.internal.Invoker.invokeTestMethods(Invoker.java:1142)
	at org.testng.internal.TestMethodWorker.invokeTestMethods(TestMethodWorker.java:124)
	at org.testng.internal.TestMethodWorker.run(TestMethodWorker.java:108)
	at org.testng.TestRunner.privateRun(TestRunner.java:771)
	at org.testng.TestRunner.run(TestRunner.java:621)
	at org.testng.SuiteRunner.runTest(SuiteRunner.java:357)
	at org.testng.SuiteRunner.runSequentially(SuiteRunner.java:352)
	at org.testng.SuiteRunner.privateRun(SuiteRunner.java:310)
	at org.testng.SuiteRunner.run(SuiteRunner.java:259)
	at org.testng.SuiteRunnerWorker.runSuite(SuiteRunnerWorker.java:52)
	at org.testng.SuiteRunnerWorker.run(SuiteRunnerWorker.java:86)
	at org.testng.TestNG.runSuitesSequentially(TestNG.java:1176)
	at org.testng.TestNG.runSuitesLocally(TestNG.java:1101)
	at org.testng.TestNG.run(TestNG.java:1009)
	at org.testng.remote.RemoteTestNG.run(RemoteTestNG.java:111)
	at org.testng.remote.RemoteTestNG.initAndRun(RemoteTestNG.java:204)
	at org.testng.remote.RemoteTestNG.main(RemoteTestNG.java:175)
]]>
            </full-stacktrace>
          </exception> <!-- org.testng.TestNGException -->
          <reporter-output>
          </reporter-output>
        </test-method> <!-- loginsetup -->
        <test-method status="SKIP" signature="Verify_User_Can_Login()[pri:0, instance:loginpage.LoginTestCase@b97c004]" name="Verify_User_Can_Login" duration-ms="5" started-at="2016-08-02T20:11:28Z" finished-at="2016-08-02T20:11:28Z">
          <reporter-output>
          </reporter-output>
        </test-method> <!-- Verify_User_Can_Login -->
      </class> <!-- loginpage.LoginTestCase -->
    </test> <!-- Default test -->
  </suite> <!-- Default suite -->
</testng-results>
